Added Net: Name=A1
Added Net: Name=A2
Added Net: Name=A3
Added Net: Name=A4
Added Net: Name=A5
Added Net: Name=A6
Added Net: Name=A7
Added Net: Name=BLK
Added Net: Name=DC
Added Net: Name=GND
Added Net: Name=LED
Added Net: Name=NetLED1_2-DOUT
Added Net: Name=NetLED2_2-DOUT
Added Net: Name=NetLED3_2-DOUT
Added Net: Name=NetLED4_2-DOUT
Added Net: Name=NetLED5_2-DOUT
Added Net: Name=NetLED6_2-DOUT
Added Net: Name=NetLED7_2-DOUT
Added Net: Name=NetLED8_2-DOUT
Added Net: Name=NetLED_1
Added Net: Name=PB6
Added Net: Name=PB7
Added Net: Name=RES
Added Net: Name=SCL
Added Net: Name=SDA
Added Net: Name=STRIP
Added Net: Name=VCC
Added Class: Name=Schematic_WS
Added Room: Name=Schematic_WS
