Removed Pin From Net: NetName=GND Pin=Cx1-1
Removed Pin From Net: NetName=PB6 Pin=Cx1-2
Removed Pin From Net: NetName=GND Pin=Cx2-1
Removed Pin From Net: NetName=PB7 Pin=Cx2-2
Removed Pin From Net: NetName=VCC Pin=D1-3
Removed Pin From Net: NetName=GND Pin=D1-6
Removed Pin From Net: NetName=VCC Pin=D2-3
Removed Pin From Net: NetName=GND Pin=D2-6
Removed Pin From Net: NetName=VCC Pin=D3-3
Removed Pin From Net: NetName=GND Pin=D3-6
Removed Pin From Net: NetName=VCC Pin=D4-3
Removed Pin From Net: NetName=GND Pin=D4-6
Removed Pin From Net: NetName=VCC Pin=D5-3
Removed Pin From Net: NetName=GND Pin=D5-6
Removed Pin From Net: NetName=VCC Pin=D6-3
Removed Pin From Net: NetName=GND Pin=D6-6
Removed Pin From Net: NetName=VCC Pin=D7-3
Removed Pin From Net: NetName=GND Pin=D7-6
Removed Pin From Net: NetName=VCC Pin=D8-3
Removed Pin From Net: NetName=GND Pin=D8-6
Removed Pin From Net: NetName=VCC Pin=D9-3
Removed Pin From Net: NetName=GND Pin=D9-6
Removed Pin From Net: NetName=PB6 Pin=R2-2
Removed Pin From Net: NetName=PB7 Pin=R3-2
Removed Pin From Net: NetName=PB7 Pin=SW1-A
Removed Pin From Net: NetName=PB6 Pin=SW1-B
Removed Pin From Net: NetName=A1 Pin=SW2-1
Removed Pin From Net: NetName=A6 Pin=SW2-2
Removed Pin From Net: NetName=A2 Pin=SW3-1
Removed Pin From Net: NetName=A6 Pin=SW3-2
Removed Pin From Net: NetName=A3 Pin=SW4-1
Removed Pin From Net: NetName=A6 Pin=SW4-2
Removed Pin From Net: NetName=A4 Pin=SW5-1
Removed Pin From Net: NetName=A6 Pin=SW5-2
Removed Pin From Net: NetName=A1 Pin=SW6-1
Removed Pin From Net: NetName=A7 Pin=SW6-2
Removed Pin From Net: NetName=A2 Pin=SW7-1
Removed Pin From Net: NetName=A7 Pin=SW7-2
Removed Pin From Net: NetName=A3 Pin=SW8-1
Removed Pin From Net: NetName=A7 Pin=SW8-2
Removed Pin From Net: NetName=A4 Pin=SW9-1
Removed Pin From Net: NetName=A5 Pin=SW10-1
Removed Pin From Net: NetName=A7 Pin=SW10-2
Removed Pin From Net: NetName=SCL Pin=U?-21
Removed Pin From Net: NetName=SDA Pin=U?-22
Removed Pin From Net: NetName=RES Pin=U?-23
Removed Pin From Net: NetName=DC Pin=U?-24
Removed Pin From Net: NetName=BLK Pin=U?-31
Removed Member From Class: ClassName=Schematic_WS Member=Cx1
Removed Member From Class: ClassName=Schematic_WS Member=Cx2
Removed Member From Class: ClassName=Schematic_WS Member=D1
Removed Member From Class: ClassName=Schematic_WS Member=D2
Removed Member From Class: ClassName=Schematic_WS Member=D3
Removed Member From Class: ClassName=Schematic_WS Member=D4
Removed Member From Class: ClassName=Schematic_WS Member=D5
Removed Member From Class: ClassName=Schematic_WS Member=D6
Removed Member From Class: ClassName=Schematic_WS Member=D7
Removed Member From Class: ClassName=Schematic_WS Member=D8
Removed Member From Class: ClassName=Schematic_WS Member=D9
Change Component Comment : Designator=R1 Old Comment=1k New Comment=220
Change Component Comment : Designator=SW2 Old Comment=SW New Comment=MX1A-11NN
Change Component Comment : Designator=SW3 Old Comment=SW New Comment=MX1A-11NN
Change Component Comment : Designator=SW4 Old Comment=SW New Comment=MX1A-11NN
Change Component Comment : Designator=SW5 Old Comment=SW New Comment=MX1A-11NN
Change Component Comment : Designator=SW6 Old Comment=SW New Comment=MX1A-11NN
Change Component Comment : Designator=SW7 Old Comment=SW New Comment=MX1A-11NN
Change Component Comment : Designator=SW8 Old Comment=SW New Comment=MX1A-11NN
Change Component Comment : Designator=SW9 Old Comment=SW New Comment=MX1A-11NN
Change Component Designator: OldDesignator=Cx4 NewDesignator=Cx5
Change Component Designator: OldDesignator=Cx5 NewDesignator=Cx4
Change Component Designator: OldDesignator=LED1 NewDesignator=LED
Change Component Designator: OldDesignator=SW1 NewDesignator=SW10
Change component parameters: Designator = "SW2" ("SW2"); Footprint = "SW-DIP1-1"; UniqueID = "\XBEEPYPA" ("\XBEEPYPA")
Change component parameters (AddParameter): Name = "Availability"; Value = "In Stock"; VariantName = "[No Variations]"
Change component parameters (AddParameter): Name = "Check_prices"; Value = "https://www.snapeda.com/parts/MX1A-11NN/Cherry/view-part/?ref=eda"; VariantName = "[No Variations]"
Change component parameters (AddParameter): Name = "MF"; Value = "Cherry"; VariantName = "[No Variations]"
Change component parameters (AddParameter): Name = "MP"; Value = "MX1A-11NN"; VariantName = "[No Variations]"
Change component parameters (AddParameter): Name = "Package"; Value = "None"; VariantName = "[No Variations]"
Change component parameters (AddParameter): Name = "Price"; Value = "None"; VariantName = "[No Variations]"
Change component parameters (AddParameter): Name = "Purchase-URL"; Value = "https://pricing.snapeda.com/search/part/MX1A-11NN/?ref=eda"; VariantName = "[No Variations]"
Change component parameters (AddParameter): Name = "SnapEDA_Link"; Value = "https://www.snapeda.com/parts/MX1A-11NN/Cherry/view-part/?ref=snap"; VariantName = "[No Variations]"
Change component parameters (AddParameter): Name = "Value"; Value = ""; VariantName = "[No Variations]"
Change component parameters: Designator = "SW3" ("SW3"); Footprint = "SW-DIP1-1"; UniqueID = "\RTFKRFPZ" ("\RTFKRFPZ")
Change component parameters (AddParameter): Name = "Availability"; Value = "In Stock"; VariantName = "[No Variations]"
Change component parameters (AddParameter): Name = "Check_prices"; Value = "https://www.snapeda.com/parts/MX1A-11NN/Cherry/view-part/?ref=eda"; VariantName = "[No Variations]"
Change component parameters (AddParameter): Name = "MF"; Value = "Cherry"; VariantName = "[No Variations]"
Change component parameters (AddParameter): Name = "MP"; Value = "MX1A-11NN"; VariantName = "[No Variations]"
Change component parameters (AddParameter): Name = "Package"; Value = "None"; VariantName = "[No Variations]"
Change component parameters (AddParameter): Name = "Price"; Value = "None"; VariantName = "[No Variations]"
Change component parameters (AddParameter): Name = "Purchase-URL"; Value = "https://pricing.snapeda.com/search/part/MX1A-11NN/?ref=eda"; VariantName = "[No Variations]"
Change component parameters (AddParameter): Name = "SnapEDA_Link"; Value = "https://www.snapeda.com/parts/MX1A-11NN/Cherry/view-part/?ref=snap"; VariantName = "[No Variations]"
Change component parameters (AddParameter): Name = "Value"; Value = ""; VariantName = "[No Variations]"
Change component parameters: Designator = "SW4" ("SW4"); Footprint = "SW-DIP1-1"; UniqueID = "\OLIXPVAX" ("\OLIXPVAX")
Change component parameters (AddParameter): Name = "Availability"; Value = "In Stock"; VariantName = "[No Variations]"
Change component parameters (AddParameter): Name = "Check_prices"; Value = "https://www.snapeda.com/parts/MX1A-11NN/Cherry/view-part/?ref=eda"; VariantName = "[No Variations]"
Change component parameters (AddParameter): Name = "MF"; Value = "Cherry"; VariantName = "[No Variations]"
Change component parameters (AddParameter): Name = "MP"; Value = "MX1A-11NN"; VariantName = "[No Variations]"
Change component parameters (AddParameter): Name = "Package"; Value = "None"; VariantName = "[No Variations]"
Change component parameters (AddParameter): Name = "Price"; Value = "None"; VariantName = "[No Variations]"
Change component parameters (AddParameter): Name = "Purchase-URL"; Value = "https://pricing.snapeda.com/search/part/MX1A-11NN/?ref=eda"; VariantName = "[No Variations]"
Change component parameters (AddParameter): Name = "SnapEDA_Link"; Value = "https://www.snapeda.com/parts/MX1A-11NN/Cherry/view-part/?ref=snap"; VariantName = "[No Variations]"
Change component parameters (AddParameter): Name = "Value"; Value = ""; VariantName = "[No Variations]"
Change component parameters: Designator = "SW5" ("SW5"); Footprint = "SW-DIP1-1"; UniqueID = "\YXLZUCYC" ("\YXLZUCYC")
Change component parameters (AddParameter): Name = "Availability"; Value = "In Stock"; VariantName = "[No Variations]"
Change component parameters (AddParameter): Name = "Check_prices"; Value = "https://www.snapeda.com/parts/MX1A-11NN/Cherry/view-part/?ref=eda"; VariantName = "[No Variations]"
Change component parameters (AddParameter): Name = "MF"; Value = "Cherry"; VariantName = "[No Variations]"
Change component parameters (AddParameter): Name = "MP"; Value = "MX1A-11NN"; VariantName = "[No Variations]"
Change component parameters (AddParameter): Name = "Package"; Value = "None"; VariantName = "[No Variations]"
Change component parameters (AddParameter): Name = "Price"; Value = "None"; VariantName = "[No Variations]"
Change component parameters (AddParameter): Name = "Purchase-URL"; Value = "https://pricing.snapeda.com/search/part/MX1A-11NN/?ref=eda"; VariantName = "[No Variations]"
Change component parameters (AddParameter): Name = "SnapEDA_Link"; Value = "https://www.snapeda.com/parts/MX1A-11NN/Cherry/view-part/?ref=snap"; VariantName = "[No Variations]"
Change component parameters (AddParameter): Name = "Value"; Value = ""; VariantName = "[No Variations]"
Change component parameters: Designator = "SW6" ("SW6"); Footprint = "SW-DIP1-1"; UniqueID = "\DKKIHYIQ" ("\DKKIHYIQ")
Change component parameters (AddParameter): Name = "Availability"; Value = "In Stock"; VariantName = "[No Variations]"
Change component parameters (AddParameter): Name = "Check_prices"; Value = "https://www.snapeda.com/parts/MX1A-11NN/Cherry/view-part/?ref=eda"; VariantName = "[No Variations]"
Change component parameters (AddParameter): Name = "MF"; Value = "Cherry"; VariantName = "[No Variations]"
Change component parameters (AddParameter): Name = "MP"; Value = "MX1A-11NN"; VariantName = "[No Variations]"
Change component parameters (AddParameter): Name = "Package"; Value = "None"; VariantName = "[No Variations]"
Change component parameters (AddParameter): Name = "Price"; Value = "None"; VariantName = "[No Variations]"
Change component parameters (AddParameter): Name = "Purchase-URL"; Value = "https://pricing.snapeda.com/search/part/MX1A-11NN/?ref=eda"; VariantName = "[No Variations]"
Change component parameters (AddParameter): Name = "SnapEDA_Link"; Value = "https://www.snapeda.com/parts/MX1A-11NN/Cherry/view-part/?ref=snap"; VariantName = "[No Variations]"
Change component parameters (AddParameter): Name = "Value"; Value = ""; VariantName = "[No Variations]"
Change component parameters: Designator = "SW7" ("SW7"); Footprint = "SW-DIP1-1"; UniqueID = "\EXXEHDHA" ("\EXXEHDHA")
Change component parameters (AddParameter): Name = "Availability"; Value = "In Stock"; VariantName = "[No Variations]"
Change component parameters (AddParameter): Name = "Check_prices"; Value = "https://www.snapeda.com/parts/MX1A-11NN/Cherry/view-part/?ref=eda"; VariantName = "[No Variations]"
Change component parameters (AddParameter): Name = "MF"; Value = "Cherry"; VariantName = "[No Variations]"
Change component parameters (AddParameter): Name = "MP"; Value = "MX1A-11NN"; VariantName = "[No Variations]"
Change component parameters (AddParameter): Name = "Package"; Value = "None"; VariantName = "[No Variations]"
Change component parameters (AddParameter): Name = "Price"; Value = "None"; VariantName = "[No Variations]"
Change component parameters (AddParameter): Name = "Purchase-URL"; Value = "https://pricing.snapeda.com/search/part/MX1A-11NN/?ref=eda"; VariantName = "[No Variations]"
Change component parameters (AddParameter): Name = "SnapEDA_Link"; Value = "https://www.snapeda.com/parts/MX1A-11NN/Cherry/view-part/?ref=snap"; VariantName = "[No Variations]"
Change component parameters (AddParameter): Name = "Value"; Value = ""; VariantName = "[No Variations]"
Change component parameters: Designator = "SW8" ("SW8"); Footprint = "SW-DIP1-1"; UniqueID = "\FJZHQKYI" ("\FJZHQKYI")
Change component parameters (AddParameter): Name = "Availability"; Value = "In Stock"; VariantName = "[No Variations]"
Change component parameters (AddParameter): Name = "Check_prices"; Value = "https://www.snapeda.com/parts/MX1A-11NN/Cherry/view-part/?ref=eda"; VariantName = "[No Variations]"
Change component parameters (AddParameter): Name = "MF"; Value = "Cherry"; VariantName = "[No Variations]"
Change component parameters (AddParameter): Name = "MP"; Value = "MX1A-11NN"; VariantName = "[No Variations]"
Change component parameters (AddParameter): Name = "Package"; Value = "None"; VariantName = "[No Variations]"
Change component parameters (AddParameter): Name = "Price"; Value = "None"; VariantName = "[No Variations]"
Change component parameters (AddParameter): Name = "Purchase-URL"; Value = "https://pricing.snapeda.com/search/part/MX1A-11NN/?ref=eda"; VariantName = "[No Variations]"
Change component parameters (AddParameter): Name = "SnapEDA_Link"; Value = "https://www.snapeda.com/parts/MX1A-11NN/Cherry/view-part/?ref=snap"; VariantName = "[No Variations]"
Change component parameters (AddParameter): Name = "Value"; Value = ""; VariantName = "[No Variations]"
Change component parameters: Designator = "SW9" ("SW9"); Footprint = "SW-DIP1-1"; UniqueID = "\AZYBILYC" ("\AZYBILYC")
Change component parameters (AddParameter): Name = "Availability"; Value = "In Stock"; VariantName = "[No Variations]"
Change component parameters (AddParameter): Name = "Check_prices"; Value = "https://www.snapeda.com/parts/MX1A-11NN/Cherry/view-part/?ref=eda"; VariantName = "[No Variations]"
Change component parameters (AddParameter): Name = "MF"; Value = "Cherry"; VariantName = "[No Variations]"
Change component parameters (AddParameter): Name = "MP"; Value = "MX1A-11NN"; VariantName = "[No Variations]"
Change component parameters (AddParameter): Name = "Package"; Value = "None"; VariantName = "[No Variations]"
Change component parameters (AddParameter): Name = "Price"; Value = "None"; VariantName = "[No Variations]"
Change component parameters (AddParameter): Name = "Purchase-URL"; Value = "https://pricing.snapeda.com/search/part/MX1A-11NN/?ref=eda"; VariantName = "[No Variations]"
Change component parameters (AddParameter): Name = "SnapEDA_Link"; Value = "https://www.snapeda.com/parts/MX1A-11NN/Cherry/view-part/?ref=snap"; VariantName = "[No Variations]"
Change component parameters (AddParameter): Name = "Value"; Value = ""; VariantName = "[No Variations]"
Added Pin To Net: NetName=PB7 Pin=R2-2
Added Pin To Net: NetName=PB6 Pin=R3-2
Added Pin To Net: NetName=PB6 Pin=SW10-A
Added Pin To Net: NetName=PB7 Pin=SW10-B
Added Pin To Net: NetName=A1 Pin=U?-6
Added Pin To Net: NetName=A4 Pin=U?-9
Added Pin To Net: NetName=A5 Pin=U?-10
Added Pin To Net: NetName=RES Pin=U?-15
Added Pin To Net: NetName=DC Pin=U?-16
Added Pin To Net: NetName=SCL Pin=U?-22
Added Pin To Net: NetName=SDA Pin=U?-24
Change Net Name : Old Net Name=NetLED1_1 New Net Name=NetLED_1
Change Net Name : Old Net Name=PB0 New Net Name=LED
Added Net: Name=NetLED1_2-DOUT
Added Net: Name=NetLED2_2-DOUT
Added Net: Name=NetLED3_2-DOUT
Added Net: Name=NetLED4_2-DOUT
Added Net: Name=NetLED5_2-DOUT
Added Net: Name=NetLED6_2-DOUT
Added Net: Name=NetLED7_2-DOUT
Added Net: Name=NetLED8_2-DOUT
Added Pin To Net: NetName=STRIP Pin=U?-33
Added Net: Name=STRIP
Added Room: Name=Schematic_WS
