Added Component: Designator=C1(CAPC3216X110N)
Add component (AddParameter): Name = "Digi-Key_Part_Number"; Value = "399-8147-1-ND"; VariantName = "[No Variations]"
Add component (AddParameter): Name = "Digi-Key_Purchase_URL"; Value = "https://www.digikey.com/product-detail/en/kemet/C1206C105K5RACTU/399-8147-1-ND/3471870?utm_source=snapeda&utm_medium=aggregator&utm_campaign=symbol"; VariantName = "[No Variations]"
Add component (AddParameter): Name = "MF"; Value = "KEMET"; VariantName = "[No Variations]"
Add component (AddParameter): Name = "MP"; Value = "C1206C105K5RACTU"; VariantName = "[No Variations]"
Add component (AddParameter): Name = "Package"; Value = "3216 KEMET"; VariantName = "[No Variations]"
Add component (AddParameter): Name = "SnapEDA_Link"; Value = "https://www.snapeda.com/parts/C1206C105K5RACTU/KEMET/view-part/357507/?ref=snap"; VariantName = "[No Variations]"
Add component (AddParameter): Name = "Value"; Value = ""; VariantName = "[No Variations]"
Added Component: Designator=C2(CAPC3216X110N)
Add component (AddParameter): Name = "Digi-Key_Part_Number"; Value = "399-8147-1-ND"; VariantName = "[No Variations]"
Add component (AddParameter): Name = "Digi-Key_Purchase_URL"; Value = "https://www.digikey.com/product-detail/en/kemet/C1206C105K5RACTU/399-8147-1-ND/3471870?utm_source=snapeda&utm_medium=aggregator&utm_campaign=symbol"; VariantName = "[No Variations]"
Add component (AddParameter): Name = "MF"; Value = "KEMET"; VariantName = "[No Variations]"
Add component (AddParameter): Name = "MP"; Value = "C1206C105K5RACTU"; VariantName = "[No Variations]"
Add component (AddParameter): Name = "Package"; Value = "3216 KEMET"; VariantName = "[No Variations]"
Add component (AddParameter): Name = "SnapEDA_Link"; Value = "https://www.snapeda.com/parts/C1206C105K5RACTU/KEMET/view-part/357507/?ref=snap"; VariantName = "[No Variations]"
Add component (AddParameter): Name = "Value"; Value = ""; VariantName = "[No Variations]"
Added Component: Designator=C3(CAPC3216X110N)
Add component (AddParameter): Name = "Digi-Key_Part_Number"; Value = "399-8147-1-ND"; VariantName = "[No Variations]"
Add component (AddParameter): Name = "Digi-Key_Purchase_URL"; Value = "https://www.digikey.com/product-detail/en/kemet/C1206C105K5RACTU/399-8147-1-ND/3471870?utm_source=snapeda&utm_medium=aggregator&utm_campaign=symbol"; VariantName = "[No Variations]"
Add component (AddParameter): Name = "MF"; Value = "KEMET"; VariantName = "[No Variations]"
Add component (AddParameter): Name = "MP"; Value = "C1206C105K5RACTU"; VariantName = "[No Variations]"
Add component (AddParameter): Name = "Package"; Value = "3216 KEMET"; VariantName = "[No Variations]"
Add component (AddParameter): Name = "SnapEDA_Link"; Value = "https://www.snapeda.com/parts/C1206C105K5RACTU/KEMET/view-part/357507/?ref=snap"; VariantName = "[No Variations]"
Add component (AddParameter): Name = "Value"; Value = ""; VariantName = "[No Variations]"
Added Component: Designator=C4(CAPC3216X110N)
Add component (AddParameter): Name = "Digi-Key_Part_Number"; Value = "399-8147-1-ND"; VariantName = "[No Variations]"
Add component (AddParameter): Name = "Digi-Key_Purchase_URL"; Value = "https://www.digikey.com/product-detail/en/kemet/C1206C105K5RACTU/399-8147-1-ND/3471870?utm_source=snapeda&utm_medium=aggregator&utm_campaign=symbol"; VariantName = "[No Variations]"
Add component (AddParameter): Name = "MF"; Value = "KEMET"; VariantName = "[No Variations]"
Add component (AddParameter): Name = "MP"; Value = "C1206C105K5RACTU"; VariantName = "[No Variations]"
Add component (AddParameter): Name = "Package"; Value = "3216 KEMET"; VariantName = "[No Variations]"
Add component (AddParameter): Name = "SnapEDA_Link"; Value = "https://www.snapeda.com/parts/C1206C105K5RACTU/KEMET/view-part/357507/?ref=snap"; VariantName = "[No Variations]"
Add component (AddParameter): Name = "Value"; Value = ""; VariantName = "[No Variations]"
Added Component: Designator=C5(CAPC3216X110N)
Add component (AddParameter): Name = "Digi-Key_Part_Number"; Value = "399-8147-1-ND"; VariantName = "[No Variations]"
Add component (AddParameter): Name = "Digi-Key_Purchase_URL"; Value = "https://www.digikey.com/product-detail/en/kemet/C1206C105K5RACTU/399-8147-1-ND/3471870?utm_source=snapeda&utm_medium=aggregator&utm_campaign=symbol"; VariantName = "[No Variations]"
Add component (AddParameter): Name = "MF"; Value = "KEMET"; VariantName = "[No Variations]"
Add component (AddParameter): Name = "MP"; Value = "C1206C105K5RACTU"; VariantName = "[No Variations]"
Add component (AddParameter): Name = "Package"; Value = "3216 KEMET"; VariantName = "[No Variations]"
Add component (AddParameter): Name = "SnapEDA_Link"; Value = "https://www.snapeda.com/parts/C1206C105K5RACTU/KEMET/view-part/357507/?ref=snap"; VariantName = "[No Variations]"
Add component (AddParameter): Name = "Value"; Value = ""; VariantName = "[No Variations]"
Added Component: Designator=C6(CAPC3216X110N)
Add component (AddParameter): Name = "Digi-Key_Part_Number"; Value = "399-8147-1-ND"; VariantName = "[No Variations]"
Add component (AddParameter): Name = "Digi-Key_Purchase_URL"; Value = "https://www.digikey.com/product-detail/en/kemet/C1206C105K5RACTU/399-8147-1-ND/3471870?utm_source=snapeda&utm_medium=aggregator&utm_campaign=symbol"; VariantName = "[No Variations]"
Add component (AddParameter): Name = "MF"; Value = "KEMET"; VariantName = "[No Variations]"
Add component (AddParameter): Name = "MP"; Value = "C1206C105K5RACTU"; VariantName = "[No Variations]"
Add component (AddParameter): Name = "Package"; Value = "3216 KEMET"; VariantName = "[No Variations]"
Add component (AddParameter): Name = "SnapEDA_Link"; Value = "https://www.snapeda.com/parts/C1206C105K5RACTU/KEMET/view-part/357507/?ref=snap"; VariantName = "[No Variations]"
Add component (AddParameter): Name = "Value"; Value = ""; VariantName = "[No Variations]"
Added Component: Designator=C7(CAPC3216X110N)
Add component (AddParameter): Name = "Digi-Key_Part_Number"; Value = "399-8147-1-ND"; VariantName = "[No Variations]"
Add component (AddParameter): Name = "Digi-Key_Purchase_URL"; Value = "https://www.digikey.com/product-detail/en/kemet/C1206C105K5RACTU/399-8147-1-ND/3471870?utm_source=snapeda&utm_medium=aggregator&utm_campaign=symbol"; VariantName = "[No Variations]"
Add component (AddParameter): Name = "MF"; Value = "KEMET"; VariantName = "[No Variations]"
Add component (AddParameter): Name = "MP"; Value = "C1206C105K5RACTU"; VariantName = "[No Variations]"
Add component (AddParameter): Name = "Package"; Value = "3216 KEMET"; VariantName = "[No Variations]"
Add component (AddParameter): Name = "SnapEDA_Link"; Value = "https://www.snapeda.com/parts/C1206C105K5RACTU/KEMET/view-part/357507/?ref=snap"; VariantName = "[No Variations]"
Add component (AddParameter): Name = "Value"; Value = ""; VariantName = "[No Variations]"
Added Component: Designator=C8(CAPC3216X110N)
Add component (AddParameter): Name = "Digi-Key_Part_Number"; Value = "399-8147-1-ND"; VariantName = "[No Variations]"
Add component (AddParameter): Name = "Digi-Key_Purchase_URL"; Value = "https://www.digikey.com/product-detail/en/kemet/C1206C105K5RACTU/399-8147-1-ND/3471870?utm_source=snapeda&utm_medium=aggregator&utm_campaign=symbol"; VariantName = "[No Variations]"
Add component (AddParameter): Name = "MF"; Value = "KEMET"; VariantName = "[No Variations]"
Add component (AddParameter): Name = "MP"; Value = "C1206C105K5RACTU"; VariantName = "[No Variations]"
Add component (AddParameter): Name = "Package"; Value = "3216 KEMET"; VariantName = "[No Variations]"
Add component (AddParameter): Name = "SnapEDA_Link"; Value = "https://www.snapeda.com/parts/C1206C105K5RACTU/KEMET/view-part/357507/?ref=snap"; VariantName = "[No Variations]"
Add component (AddParameter): Name = "Value"; Value = ""; VariantName = "[No Variations]"
Added Component: Designator=C9(CAPC3216X110N)
Add component (AddParameter): Name = "Digi-Key_Part_Number"; Value = "399-8147-1-ND"; VariantName = "[No Variations]"
Add component (AddParameter): Name = "Digi-Key_Purchase_URL"; Value = "https://www.digikey.com/product-detail/en/kemet/C1206C105K5RACTU/399-8147-1-ND/3471870?utm_source=snapeda&utm_medium=aggregator&utm_campaign=symbol"; VariantName = "[No Variations]"
Add component (AddParameter): Name = "MF"; Value = "KEMET"; VariantName = "[No Variations]"
Add component (AddParameter): Name = "MP"; Value = "C1206C105K5RACTU"; VariantName = "[No Variations]"
Add component (AddParameter): Name = "Package"; Value = "3216 KEMET"; VariantName = "[No Variations]"
Add component (AddParameter): Name = "SnapEDA_Link"; Value = "https://www.snapeda.com/parts/C1206C105K5RACTU/KEMET/view-part/357507/?ref=snap"; VariantName = "[No Variations]"
Add component (AddParameter): Name = "Value"; Value = ""; VariantName = "[No Variations]"
Added Component: Designator=LED0(LED3MM)
Add component (AddParameter): Name = "Availability"; Value = "In Stock"; VariantName = "[No Variations]"
Add component (AddParameter): Name = "Check_prices"; Value = "https://www.snapeda.com/parts/TLLG4400/Vishay/view-part/?ref=eda"; VariantName = "[No Variations]"
Add component (AddParameter): Name = "MF"; Value = "Vishay Semiconductors"; VariantName = "[No Variations]"
Add component (AddParameter): Name = "MP"; Value = "TLLG4400"; VariantName = "[No Variations]"
Add component (AddParameter): Name = "Package"; Value = "None"; VariantName = "[No Variations]"
Add component (AddParameter): Name = "Price"; Value = "None"; VariantName = "[No Variations]"
Add component (AddParameter): Name = "Purchase-URL"; Value = "https://pricing.snapeda.com/search/part/TLLG4400/?ref=eda"; VariantName = "[No Variations]"
Add component (AddParameter): Name = "SnapEDA_Link"; Value = "https://www.snapeda.com/parts/TLLG4400/Vishay/view-part/?ref=snap"; VariantName = "[No Variations]"
Add component (AddParameter): Name = "Value"; Value = ""; VariantName = "[No Variations]"
Added Component: Designator=LED1(WS2812B)
Add component (AddParameter): Name = "Availability"; Value = "Unavailable"; VariantName = "[No Variations]"
Add component (AddParameter): Name = "MF"; Value = "SparkFun Electronics"; VariantName = "[No Variations]"
Add component (AddParameter): Name = "MP"; Value = "WS2812B"; VariantName = "[No Variations]"
Add component (AddParameter): Name = "Package"; Value = "None"; VariantName = "[No Variations]"
Add component (AddParameter): Name = "Price"; Value = "None"; VariantName = "[No Variations]"
Add component (AddParameter): Name = "SnapEDA_Link"; Value = "https://www.snapeda.com/parts/WS2812B/Worldsemi/view-part/1038297/?ref=snap"; VariantName = "[No Variations]"
Add component (AddParameter): Name = "Value"; Value = ""; VariantName = "[No Variations]"
Added Component: Designator=LED2(WS2812B)
Add component (AddParameter): Name = "Availability"; Value = "Unavailable"; VariantName = "[No Variations]"
Add component (AddParameter): Name = "MF"; Value = "SparkFun Electronics"; VariantName = "[No Variations]"
Add component (AddParameter): Name = "MP"; Value = "WS2812B"; VariantName = "[No Variations]"
Add component (AddParameter): Name = "Package"; Value = "None"; VariantName = "[No Variations]"
Add component (AddParameter): Name = "Price"; Value = "None"; VariantName = "[No Variations]"
Add component (AddParameter): Name = "SnapEDA_Link"; Value = "https://www.snapeda.com/parts/WS2812B/Worldsemi/view-part/1038297/?ref=snap"; VariantName = "[No Variations]"
Add component (AddParameter): Name = "Value"; Value = ""; VariantName = "[No Variations]"
Added Component: Designator=LED3(WS2812B)
Add component (AddParameter): Name = "Availability"; Value = "Unavailable"; VariantName = "[No Variations]"
Add component (AddParameter): Name = "MF"; Value = "SparkFun Electronics"; VariantName = "[No Variations]"
Add component (AddParameter): Name = "MP"; Value = "WS2812B"; VariantName = "[No Variations]"
Add component (AddParameter): Name = "Package"; Value = "None"; VariantName = "[No Variations]"
Add component (AddParameter): Name = "Price"; Value = "None"; VariantName = "[No Variations]"
Add component (AddParameter): Name = "SnapEDA_Link"; Value = "https://www.snapeda.com/parts/WS2812B/Worldsemi/view-part/1038297/?ref=snap"; VariantName = "[No Variations]"
Add component (AddParameter): Name = "Value"; Value = ""; VariantName = "[No Variations]"
Added Component: Designator=LED4(WS2812B)
Add component (AddParameter): Name = "Availability"; Value = "Unavailable"; VariantName = "[No Variations]"
Add component (AddParameter): Name = "MF"; Value = "SparkFun Electronics"; VariantName = "[No Variations]"
Add component (AddParameter): Name = "MP"; Value = "WS2812B"; VariantName = "[No Variations]"
Add component (AddParameter): Name = "Package"; Value = "None"; VariantName = "[No Variations]"
Add component (AddParameter): Name = "Price"; Value = "None"; VariantName = "[No Variations]"
Add component (AddParameter): Name = "SnapEDA_Link"; Value = "https://www.snapeda.com/parts/WS2812B/Worldsemi/view-part/1038297/?ref=snap"; VariantName = "[No Variations]"
Add component (AddParameter): Name = "Value"; Value = ""; VariantName = "[No Variations]"
Added Component: Designator=LED5(WS2812B)
Add component (AddParameter): Name = "Availability"; Value = "Unavailable"; VariantName = "[No Variations]"
Add component (AddParameter): Name = "MF"; Value = "SparkFun Electronics"; VariantName = "[No Variations]"
Add component (AddParameter): Name = "MP"; Value = "WS2812B"; VariantName = "[No Variations]"
Add component (AddParameter): Name = "Package"; Value = "None"; VariantName = "[No Variations]"
Add component (AddParameter): Name = "Price"; Value = "None"; VariantName = "[No Variations]"
Add component (AddParameter): Name = "SnapEDA_Link"; Value = "https://www.snapeda.com/parts/WS2812B/Worldsemi/view-part/1038297/?ref=snap"; VariantName = "[No Variations]"
Add component (AddParameter): Name = "Value"; Value = ""; VariantName = "[No Variations]"
Added Component: Designator=LED6(WS2812B)
Add component (AddParameter): Name = "Availability"; Value = "Unavailable"; VariantName = "[No Variations]"
Add component (AddParameter): Name = "MF"; Value = "SparkFun Electronics"; VariantName = "[No Variations]"
Add component (AddParameter): Name = "MP"; Value = "WS2812B"; VariantName = "[No Variations]"
Add component (AddParameter): Name = "Package"; Value = "None"; VariantName = "[No Variations]"
Add component (AddParameter): Name = "Price"; Value = "None"; VariantName = "[No Variations]"
Add component (AddParameter): Name = "SnapEDA_Link"; Value = "https://www.snapeda.com/parts/WS2812B/Worldsemi/view-part/1038297/?ref=snap"; VariantName = "[No Variations]"
Add component (AddParameter): Name = "Value"; Value = ""; VariantName = "[No Variations]"
Added Component: Designator=LED7(WS2812B)
Add component (AddParameter): Name = "Availability"; Value = "Unavailable"; VariantName = "[No Variations]"
Add component (AddParameter): Name = "MF"; Value = "SparkFun Electronics"; VariantName = "[No Variations]"
Add component (AddParameter): Name = "MP"; Value = "WS2812B"; VariantName = "[No Variations]"
Add component (AddParameter): Name = "Package"; Value = "None"; VariantName = "[No Variations]"
Add component (AddParameter): Name = "Price"; Value = "None"; VariantName = "[No Variations]"
Add component (AddParameter): Name = "SnapEDA_Link"; Value = "https://www.snapeda.com/parts/WS2812B/Worldsemi/view-part/1038297/?ref=snap"; VariantName = "[No Variations]"
Add component (AddParameter): Name = "Value"; Value = ""; VariantName = "[No Variations]"
Added Component: Designator=LED8(WS2812B)
Add component (AddParameter): Name = "Availability"; Value = "Unavailable"; VariantName = "[No Variations]"
Add component (AddParameter): Name = "MF"; Value = "SparkFun Electronics"; VariantName = "[No Variations]"
Add component (AddParameter): Name = "MP"; Value = "WS2812B"; VariantName = "[No Variations]"
Add component (AddParameter): Name = "Package"; Value = "None"; VariantName = "[No Variations]"
Add component (AddParameter): Name = "Price"; Value = "None"; VariantName = "[No Variations]"
Add component (AddParameter): Name = "SnapEDA_Link"; Value = "https://www.snapeda.com/parts/WS2812B/Worldsemi/view-part/1038297/?ref=snap"; VariantName = "[No Variations]"
Add component (AddParameter): Name = "Value"; Value = ""; VariantName = "[No Variations]"
Added Component: Designator=LED9(WS2812B)
Add component (AddParameter): Name = "Availability"; Value = "Unavailable"; VariantName = "[No Variations]"
Add component (AddParameter): Name = "MF"; Value = "SparkFun Electronics"; VariantName = "[No Variations]"
Add component (AddParameter): Name = "MP"; Value = "WS2812B"; VariantName = "[No Variations]"
Add component (AddParameter): Name = "Package"; Value = "None"; VariantName = "[No Variations]"
Add component (AddParameter): Name = "Price"; Value = "None"; VariantName = "[No Variations]"
Add component (AddParameter): Name = "SnapEDA_Link"; Value = "https://www.snapeda.com/parts/WS2812B/Worldsemi/view-part/1038297/?ref=snap"; VariantName = "[No Variations]"
Add component (AddParameter): Name = "Value"; Value = ""; VariantName = "[No Variations]"
Added Component: Designator=P1(HDR1X7)
Add component (AddParameter): Name = "LatestRevisionDate"; Value = "17-Jul-2002"; VariantName = "[No Variations]"
Add component (AddParameter): Name = "LatestRevisionNote"; Value = "Re-released for DXP Platform."; VariantName = "[No Variations]"
Add component (AddParameter): Name = "Publisher"; Value = "Altium Limited"; VariantName = "[No Variations]"
Added Component: Designator=R1(RESC3116X65N)
Add component (AddParameter): Name = "Class"; Value = "Passive"; VariantName = "[No Variations]"
Add component (AddParameter): Name = "Manufacturer"; Value = "Generic Components"; VariantName = "[No Variations]"
Add component (AddParameter): Name = "Published"; Value = "08/06/2000"; VariantName = "[No Variations]"
Add component (AddParameter): Name = "Publisher"; Value = "Altium Hobart Technology Centre"; VariantName = "[No Variations]"
Added Component: Designator=R2(RESC3116X65N)
Add component (AddParameter): Name = "Class"; Value = "Passive"; VariantName = "[No Variations]"
Add component (AddParameter): Name = "Manufacturer"; Value = "Generic Components"; VariantName = "[No Variations]"
Add component (AddParameter): Name = "Published"; Value = "08/06/2000"; VariantName = "[No Variations]"
Add component (AddParameter): Name = "Publisher"; Value = "Altium Hobart Technology Centre"; VariantName = "[No Variations]"
Added Component: Designator=R3(RESC3116X65N)
Add component (AddParameter): Name = "Class"; Value = "Passive"; VariantName = "[No Variations]"
Add component (AddParameter): Name = "Manufacturer"; Value = "Generic Components"; VariantName = "[No Variations]"
Add component (AddParameter): Name = "Published"; Value = "08/06/2000"; VariantName = "[No Variations]"
Add component (AddParameter): Name = "Publisher"; Value = "Altium Hobart Technology Centre"; VariantName = "[No Variations]"
Added Component: Designator=SW1(CHERRY_MX1A-11NN_SWITCH)
Add component (AddParameter): Name = "Availability"; Value = "In Stock"; VariantName = "[No Variations]"
Add component (AddParameter): Name = "Check_prices"; Value = "https://www.snapeda.com/parts/MX1A-11NN/Cherry/view-part/?ref=eda"; VariantName = "[No Variations]"
Add component (AddParameter): Name = "MF"; Value = "Cherry"; VariantName = "[No Variations]"
Add component (AddParameter): Name = "MP"; Value = "MX1A-11NN"; VariantName = "[No Variations]"
Add component (AddParameter): Name = "Package"; Value = "None"; VariantName = "[No Variations]"
Add component (AddParameter): Name = "Price"; Value = "None"; VariantName = "[No Variations]"
Add component (AddParameter): Name = "Purchase-URL"; Value = "https://pricing.snapeda.com/search/part/MX1A-11NN/?ref=eda"; VariantName = "[No Variations]"
Add component (AddParameter): Name = "SnapEDA_Link"; Value = "https://www.snapeda.com/parts/MX1A-11NN/Cherry/view-part/?ref=snap"; VariantName = "[No Variations]"
Add component (AddParameter): Name = "Value"; Value = ""; VariantName = "[No Variations]"
Added Component: Designator=SW2(CHERRY_MX1A-11NN_SWITCH)
Add component (AddParameter): Name = "Availability"; Value = "In Stock"; VariantName = "[No Variations]"
Add component (AddParameter): Name = "Check_prices"; Value = "https://www.snapeda.com/parts/MX1A-11NN/Cherry/view-part/?ref=eda"; VariantName = "[No Variations]"
Add component (AddParameter): Name = "MF"; Value = "Cherry"; VariantName = "[No Variations]"
Add component (AddParameter): Name = "MP"; Value = "MX1A-11NN"; VariantName = "[No Variations]"
Add component (AddParameter): Name = "Package"; Value = "None"; VariantName = "[No Variations]"
Add component (AddParameter): Name = "Price"; Value = "None"; VariantName = "[No Variations]"
Add component (AddParameter): Name = "Purchase-URL"; Value = "https://pricing.snapeda.com/search/part/MX1A-11NN/?ref=eda"; VariantName = "[No Variations]"
Add component (AddParameter): Name = "SnapEDA_Link"; Value = "https://www.snapeda.com/parts/MX1A-11NN/Cherry/view-part/?ref=snap"; VariantName = "[No Variations]"
Add component (AddParameter): Name = "Value"; Value = ""; VariantName = "[No Variations]"
Added Component: Designator=SW3(CHERRY_MX1A-11NN_SWITCH)
Add component (AddParameter): Name = "Availability"; Value = "In Stock"; VariantName = "[No Variations]"
Add component (AddParameter): Name = "Check_prices"; Value = "https://www.snapeda.com/parts/MX1A-11NN/Cherry/view-part/?ref=eda"; VariantName = "[No Variations]"
Add component (AddParameter): Name = "MF"; Value = "Cherry"; VariantName = "[No Variations]"
Add component (AddParameter): Name = "MP"; Value = "MX1A-11NN"; VariantName = "[No Variations]"
Add component (AddParameter): Name = "Package"; Value = "None"; VariantName = "[No Variations]"
Add component (AddParameter): Name = "Price"; Value = "None"; VariantName = "[No Variations]"
Add component (AddParameter): Name = "Purchase-URL"; Value = "https://pricing.snapeda.com/search/part/MX1A-11NN/?ref=eda"; VariantName = "[No Variations]"
Add component (AddParameter): Name = "SnapEDA_Link"; Value = "https://www.snapeda.com/parts/MX1A-11NN/Cherry/view-part/?ref=snap"; VariantName = "[No Variations]"
Add component (AddParameter): Name = "Value"; Value = ""; VariantName = "[No Variations]"
Added Component: Designator=SW4(CHERRY_MX1A-11NN_SWITCH)
Add component (AddParameter): Name = "Availability"; Value = "In Stock"; VariantName = "[No Variations]"
Add component (AddParameter): Name = "Check_prices"; Value = "https://www.snapeda.com/parts/MX1A-11NN/Cherry/view-part/?ref=eda"; VariantName = "[No Variations]"
Add component (AddParameter): Name = "MF"; Value = "Cherry"; VariantName = "[No Variations]"
Add component (AddParameter): Name = "MP"; Value = "MX1A-11NN"; VariantName = "[No Variations]"
Add component (AddParameter): Name = "Package"; Value = "None"; VariantName = "[No Variations]"
Add component (AddParameter): Name = "Price"; Value = "None"; VariantName = "[No Variations]"
Add component (AddParameter): Name = "Purchase-URL"; Value = "https://pricing.snapeda.com/search/part/MX1A-11NN/?ref=eda"; VariantName = "[No Variations]"
Add component (AddParameter): Name = "SnapEDA_Link"; Value = "https://www.snapeda.com/parts/MX1A-11NN/Cherry/view-part/?ref=snap"; VariantName = "[No Variations]"
Add component (AddParameter): Name = "Value"; Value = ""; VariantName = "[No Variations]"
Added Component: Designator=SW5(CHERRY_MX1A-11NN_SWITCH)
Add component (AddParameter): Name = "Availability"; Value = "In Stock"; VariantName = "[No Variations]"
Add component (AddParameter): Name = "Check_prices"; Value = "https://www.snapeda.com/parts/MX1A-11NN/Cherry/view-part/?ref=eda"; VariantName = "[No Variations]"
Add component (AddParameter): Name = "MF"; Value = "Cherry"; VariantName = "[No Variations]"
Add component (AddParameter): Name = "MP"; Value = "MX1A-11NN"; VariantName = "[No Variations]"
Add component (AddParameter): Name = "Package"; Value = "None"; VariantName = "[No Variations]"
Add component (AddParameter): Name = "Price"; Value = "None"; VariantName = "[No Variations]"
Add component (AddParameter): Name = "Purchase-URL"; Value = "https://pricing.snapeda.com/search/part/MX1A-11NN/?ref=eda"; VariantName = "[No Variations]"
Add component (AddParameter): Name = "SnapEDA_Link"; Value = "https://www.snapeda.com/parts/MX1A-11NN/Cherry/view-part/?ref=snap"; VariantName = "[No Variations]"
Add component (AddParameter): Name = "Value"; Value = ""; VariantName = "[No Variations]"
Added Component: Designator=SW6(CHERRY_MX1A-11NN_SWITCH)
Add component (AddParameter): Name = "Availability"; Value = "In Stock"; VariantName = "[No Variations]"
Add component (AddParameter): Name = "Check_prices"; Value = "https://www.snapeda.com/parts/MX1A-11NN/Cherry/view-part/?ref=eda"; VariantName = "[No Variations]"
Add component (AddParameter): Name = "MF"; Value = "Cherry"; VariantName = "[No Variations]"
Add component (AddParameter): Name = "MP"; Value = "MX1A-11NN"; VariantName = "[No Variations]"
Add component (AddParameter): Name = "Package"; Value = "None"; VariantName = "[No Variations]"
Add component (AddParameter): Name = "Price"; Value = "None"; VariantName = "[No Variations]"
Add component (AddParameter): Name = "Purchase-URL"; Value = "https://pricing.snapeda.com/search/part/MX1A-11NN/?ref=eda"; VariantName = "[No Variations]"
Add component (AddParameter): Name = "SnapEDA_Link"; Value = "https://www.snapeda.com/parts/MX1A-11NN/Cherry/view-part/?ref=snap"; VariantName = "[No Variations]"
Add component (AddParameter): Name = "Value"; Value = ""; VariantName = "[No Variations]"
Added Component: Designator=SW7(CHERRY_MX1A-11NN_SWITCH)
Add component (AddParameter): Name = "Availability"; Value = "In Stock"; VariantName = "[No Variations]"
Add component (AddParameter): Name = "Check_prices"; Value = "https://www.snapeda.com/parts/MX1A-11NN/Cherry/view-part/?ref=eda"; VariantName = "[No Variations]"
Add component (AddParameter): Name = "MF"; Value = "Cherry"; VariantName = "[No Variations]"
Add component (AddParameter): Name = "MP"; Value = "MX1A-11NN"; VariantName = "[No Variations]"
Add component (AddParameter): Name = "Package"; Value = "None"; VariantName = "[No Variations]"
Add component (AddParameter): Name = "Price"; Value = "None"; VariantName = "[No Variations]"
Add component (AddParameter): Name = "Purchase-URL"; Value = "https://pricing.snapeda.com/search/part/MX1A-11NN/?ref=eda"; VariantName = "[No Variations]"
Add component (AddParameter): Name = "SnapEDA_Link"; Value = "https://www.snapeda.com/parts/MX1A-11NN/Cherry/view-part/?ref=snap"; VariantName = "[No Variations]"
Add component (AddParameter): Name = "Value"; Value = ""; VariantName = "[No Variations]"
Added Component: Designator=SW8(CHERRY_MX1A-11NN_SWITCH)
Add component (AddParameter): Name = "Availability"; Value = "In Stock"; VariantName = "[No Variations]"
Add component (AddParameter): Name = "Check_prices"; Value = "https://www.snapeda.com/parts/MX1A-11NN/Cherry/view-part/?ref=eda"; VariantName = "[No Variations]"
Add component (AddParameter): Name = "MF"; Value = "Cherry"; VariantName = "[No Variations]"
Add component (AddParameter): Name = "MP"; Value = "MX1A-11NN"; VariantName = "[No Variations]"
Add component (AddParameter): Name = "Package"; Value = "None"; VariantName = "[No Variations]"
Add component (AddParameter): Name = "Price"; Value = "None"; VariantName = "[No Variations]"
Add component (AddParameter): Name = "Purchase-URL"; Value = "https://pricing.snapeda.com/search/part/MX1A-11NN/?ref=eda"; VariantName = "[No Variations]"
Add component (AddParameter): Name = "SnapEDA_Link"; Value = "https://www.snapeda.com/parts/MX1A-11NN/Cherry/view-part/?ref=snap"; VariantName = "[No Variations]"
Add component (AddParameter): Name = "Value"; Value = ""; VariantName = "[No Variations]"
Added Component: Designator=SW9(CHERRY_MX1A-11NN_SWITCH)
Add component (AddParameter): Name = "Availability"; Value = "In Stock"; VariantName = "[No Variations]"
Add component (AddParameter): Name = "Check_prices"; Value = "https://www.snapeda.com/parts/MX1A-11NN/Cherry/view-part/?ref=eda"; VariantName = "[No Variations]"
Add component (AddParameter): Name = "MF"; Value = "Cherry"; VariantName = "[No Variations]"
Add component (AddParameter): Name = "MP"; Value = "MX1A-11NN"; VariantName = "[No Variations]"
Add component (AddParameter): Name = "Package"; Value = "None"; VariantName = "[No Variations]"
Add component (AddParameter): Name = "Price"; Value = "None"; VariantName = "[No Variations]"
Add component (AddParameter): Name = "Purchase-URL"; Value = "https://pricing.snapeda.com/search/part/MX1A-11NN/?ref=eda"; VariantName = "[No Variations]"
Add component (AddParameter): Name = "SnapEDA_Link"; Value = "https://www.snapeda.com/parts/MX1A-11NN/Cherry/view-part/?ref=snap"; VariantName = "[No Variations]"
Add component (AddParameter): Name = "Value"; Value = ""; VariantName = "[No Variations]"
Added Component: Designator=SW10(XDCR_PEC11R-4215F-S0024)
Add component (AddParameter): Name = "Availability"; Value = "Unavailable"; VariantName = "[No Variations]"
Add component (AddParameter): Name = "MF"; Value = ""; VariantName = "[No Variations]"
Add component (AddParameter): Name = "MP"; Value = "PEC11R-4215F-S0024"; VariantName = "[No Variations]"
Add component (AddParameter): Name = "Package"; Value = "None"; VariantName = "[No Variations]"
Add component (AddParameter): Name = "Price"; Value = "None"; VariantName = "[No Variations]"
Add component (AddParameter): Name = "Value"; Value = ""; VariantName = "[No Variations]"
Added Component: Designator=U1(PCBComponent_1)
Add component (AddParameter): Name = "Contributor"; Value = "Johan_a"; VariantName = "[No Variations]"
Add component (AddParameter): Name = "Manufacturer Part"; Value = "STM32Duino"; VariantName = "[No Variations]"
Add component (AddParameter): Name = "spicePre"; Value = "U"; VariantName = "[No Variations]"
Add component (AddParameter): Name = "spiceSymbolName"; Value = "STM32F103C8T6_Development_Board copy"; VariantName = "[No Variations]"
Added Pin To Net: NetName=A1 Pin=SW1-P$1
Added Pin To Net: NetName=A1 Pin=SW5-P$1
Added Pin To Net: NetName=A1 Pin=U1-6
Added Net: Name=A1
Added Pin To Net: NetName=A2 Pin=SW2-P$1
Added Pin To Net: NetName=A2 Pin=SW6-P$1
Added Pin To Net: NetName=A2 Pin=U1-7
Added Net: Name=A2
Added Pin To Net: NetName=A3 Pin=SW3-P$1
Added Pin To Net: NetName=A3 Pin=SW7-P$1
Added Pin To Net: NetName=A3 Pin=U1-8
Added Net: Name=A3
Added Pin To Net: NetName=A4 Pin=SW4-P$1
Added Pin To Net: NetName=A4 Pin=SW8-P$1
Added Pin To Net: NetName=A4 Pin=U1-9
Added Net: Name=A4
Added Pin To Net: NetName=A5 Pin=SW9-P$1
Added Pin To Net: NetName=A5 Pin=SW10-1
Added Pin To Net: NetName=A5 Pin=U1-10
Added Net: Name=A5
Added Pin To Net: NetName=A6 Pin=SW1-P$2
Added Pin To Net: NetName=A6 Pin=SW2-P$2
Added Pin To Net: NetName=A6 Pin=SW3-P$2
Added Pin To Net: NetName=A6 Pin=SW4-P$2
Added Pin To Net: NetName=A6 Pin=SW10-2
Added Pin To Net: NetName=A6 Pin=U1-11
Added Net: Name=A6
Added Pin To Net: NetName=A7 Pin=SW5-P$2
Added Pin To Net: NetName=A7 Pin=SW6-P$2
Added Pin To Net: NetName=A7 Pin=SW7-P$2
Added Pin To Net: NetName=A7 Pin=SW8-P$2
Added Pin To Net: NetName=A7 Pin=SW9-P$2
Added Pin To Net: NetName=A7 Pin=U1-12
Added Net: Name=A7
Added Pin To Net: NetName=DC Pin=P1-6
Added Pin To Net: NetName=DC Pin=U1-16
Added Net: Name=DC
Added Pin To Net: NetName=GND Pin=C1-1
Added Pin To Net: NetName=GND Pin=C2-1
Added Pin To Net: NetName=GND Pin=C3-1
Added Pin To Net: NetName=GND Pin=C4-1
Added Pin To Net: NetName=GND Pin=C5-1
Added Pin To Net: NetName=GND Pin=C6-1
Added Pin To Net: NetName=GND Pin=C7-1
Added Pin To Net: NetName=GND Pin=C8-1
Added Pin To Net: NetName=GND Pin=C9-1
Added Pin To Net: NetName=GND Pin=LED1-3-GND
Added Pin To Net: NetName=GND Pin=LED2-3-GND
Added Pin To Net: NetName=GND Pin=LED3-3-GND
Added Pin To Net: NetName=GND Pin=LED4-3-GND
Added Pin To Net: NetName=GND Pin=LED5-3-GND
Added Pin To Net: NetName=GND Pin=LED6-3-GND
Added Pin To Net: NetName=GND Pin=LED7-3-GND
Added Pin To Net: NetName=GND Pin=LED8-3-GND
Added Pin To Net: NetName=GND Pin=LED9-3-GND
Added Pin To Net: NetName=GND Pin=P1-1
Added Pin To Net: NetName=GND Pin=SW10-COM
Added Pin To Net: NetName=GND Pin=SW10-S1
Added Pin To Net: NetName=GND Pin=SW10-S2
Added Pin To Net: NetName=GND Pin=U1-19
Added Pin To Net: NetName=GND Pin=U1-20
Added Pin To Net: NetName=GND Pin=U1-39
Added Net: Name=GND
Added Pin To Net: NetName=LED Pin=LED0-K
Added Pin To Net: NetName=LED Pin=U1-13
Added Net: Name=LED
Added Pin To Net: NetName=NetLED0_A Pin=LED0-A
Added Pin To Net: NetName=NetLED0_A Pin=R1-2
Added Net: Name=NetLED0_A
Added Pin To Net: NetName=NetLED1_2-DOUT Pin=LED1-2-DOUT
Added Pin To Net: NetName=NetLED1_2-DOUT Pin=LED2-4-DIN
Added Net: Name=NetLED1_2-DOUT
Added Pin To Net: NetName=NetLED2_2-DOUT Pin=LED2-2-DOUT
Added Pin To Net: NetName=NetLED2_2-DOUT Pin=LED3-4-DIN
Added Net: Name=NetLED2_2-DOUT
Added Pin To Net: NetName=NetLED3_2-DOUT Pin=LED3-2-DOUT
Added Pin To Net: NetName=NetLED3_2-DOUT Pin=LED4-4-DIN
Added Net: Name=NetLED3_2-DOUT
Added Pin To Net: NetName=NetLED4_2-DOUT Pin=LED4-2-DOUT
Added Pin To Net: NetName=NetLED4_2-DOUT Pin=LED5-4-DIN
Added Net: Name=NetLED4_2-DOUT
Added Pin To Net: NetName=NetLED5_2-DOUT Pin=LED5-2-DOUT
Added Pin To Net: NetName=NetLED5_2-DOUT Pin=LED6-4-DIN
Added Net: Name=NetLED5_2-DOUT
Added Pin To Net: NetName=NetLED6_2-DOUT Pin=LED6-2-DOUT
Added Pin To Net: NetName=NetLED6_2-DOUT Pin=LED7-4-DIN
Added Net: Name=NetLED6_2-DOUT
Added Pin To Net: NetName=NetLED7_2-DOUT Pin=LED7-2-DOUT
Added Pin To Net: NetName=NetLED7_2-DOUT Pin=LED8-4-DIN
Added Net: Name=NetLED7_2-DOUT
Added Pin To Net: NetName=NetLED8_2-DOUT Pin=LED8-2-DOUT
Added Pin To Net: NetName=NetLED8_2-DOUT Pin=LED9-4-DIN
Added Net: Name=NetLED8_2-DOUT
Added Pin To Net: NetName=PB6 Pin=R2-2
Added Pin To Net: NetName=PB6 Pin=SW10-A
Added Pin To Net: NetName=PB6 Pin=U1-34
Added Net: Name=PB6
Added Pin To Net: NetName=PB7 Pin=R3-2
Added Pin To Net: NetName=PB7 Pin=SW10-B
Added Pin To Net: NetName=PB7 Pin=U1-35
Added Net: Name=PB7
Added Pin To Net: NetName=RES Pin=P1-5
Added Pin To Net: NetName=RES Pin=U1-15
Added Net: Name=RES
Added Pin To Net: NetName=SCL Pin=P1-3
Added Pin To Net: NetName=SCL Pin=U1-22
Added Net: Name=SCL
Added Pin To Net: NetName=SDA Pin=P1-4
Added Pin To Net: NetName=SDA Pin=U1-24
Added Net: Name=SDA
Added Pin To Net: NetName=STRIP Pin=LED1-4-DIN
Added Pin To Net: NetName=STRIP Pin=U1-33
Added Net: Name=STRIP
Added Pin To Net: NetName=VCC Pin=C1-2
Added Pin To Net: NetName=VCC Pin=C2-2
Added Pin To Net: NetName=VCC Pin=C3-2
Added Pin To Net: NetName=VCC Pin=C4-2
Added Pin To Net: NetName=VCC Pin=C5-2
Added Pin To Net: NetName=VCC Pin=C6-2
Added Pin To Net: NetName=VCC Pin=C7-2
Added Pin To Net: NetName=VCC Pin=C8-2
Added Pin To Net: NetName=VCC Pin=C9-2
Added Pin To Net: NetName=VCC Pin=LED1-1-VDD
Added Pin To Net: NetName=VCC Pin=LED2-1-VDD
Added Pin To Net: NetName=VCC Pin=LED3-1-VDD
Added Pin To Net: NetName=VCC Pin=LED4-1-VDD
Added Pin To Net: NetName=VCC Pin=LED5-1-VDD
Added Pin To Net: NetName=VCC Pin=LED6-1-VDD
Added Pin To Net: NetName=VCC Pin=LED7-1-VDD
Added Pin To Net: NetName=VCC Pin=LED8-1-VDD
Added Pin To Net: NetName=VCC Pin=LED9-1-VDD
Added Pin To Net: NetName=VCC Pin=P1-2
Added Pin To Net: NetName=VCC Pin=R1-1
Added Pin To Net: NetName=VCC Pin=R2-1
Added Pin To Net: NetName=VCC Pin=R3-1
Added Pin To Net: NetName=VCC Pin=U1-18
Added Pin To Net: NetName=VCC Pin=U1-40
Added Net: Name=VCC
Added Member To Class: ClassName=Schematic_WS Member=Component C1 C1206
Added Member To Class: ClassName=Schematic_WS Member=Component C2 C1206
Added Member To Class: ClassName=Schematic_WS Member=Component C3 C1206
Added Member To Class: ClassName=Schematic_WS Member=Component C4 C1206
Added Member To Class: ClassName=Schematic_WS Member=Component C5 C1206
Added Member To Class: ClassName=Schematic_WS Member=Component C6 C1206
Added Member To Class: ClassName=Schematic_WS Member=Component C7 C1206
Added Member To Class: ClassName=Schematic_WS Member=Component C8 C1206
Added Member To Class: ClassName=Schematic_WS Member=Component C9 C1206
Added Member To Class: ClassName=Schematic_WS Member=Component LED0 3mm
Added Member To Class: ClassName=Schematic_WS Member=Component LED1 WS2812B
Added Member To Class: ClassName=Schematic_WS Member=Component LED2 WS2812B
Added Member To Class: ClassName=Schematic_WS Member=Component LED3 WS2812B
Added Member To Class: ClassName=Schematic_WS Member=Component LED4 WS2812B
Added Member To Class: ClassName=Schematic_WS Member=Component LED5 WS2812B
Added Member To Class: ClassName=Schematic_WS Member=Component LED6 WS2812B
Added Member To Class: ClassName=Schematic_WS Member=Component LED7 WS2812B
Added Member To Class: ClassName=Schematic_WS Member=Component LED8 WS2812B
Added Member To Class: ClassName=Schematic_WS Member=Component LED9 WS2812B
Added Member To Class: ClassName=Schematic_WS Member=Component P1 Header 7
Added Member To Class: ClassName=Schematic_WS Member=Component R1 220
Added Member To Class: ClassName=Schematic_WS Member=Component R2 10k
Added Member To Class: ClassName=Schematic_WS Member=Component R3 10k
Added Member To Class: ClassName=Schematic_WS Member=Component SW1 MX1A-11NN
Added Member To Class: ClassName=Schematic_WS Member=Component SW2 MX1A-11NN
Added Member To Class: ClassName=Schematic_WS Member=Component SW3 MX1A-11NN
Added Member To Class: ClassName=Schematic_WS Member=Component SW4 MX1A-11NN
Added Member To Class: ClassName=Schematic_WS Member=Component SW5 MX1A-11NN
Added Member To Class: ClassName=Schematic_WS Member=Component SW6 MX1A-11NN
Added Member To Class: ClassName=Schematic_WS Member=Component SW7 MX1A-11NN
Added Member To Class: ClassName=Schematic_WS Member=Component SW8 MX1A-11NN
Added Member To Class: ClassName=Schematic_WS Member=Component SW9 MX1A-11NN
Added Member To Class: ClassName=Schematic_WS Member=Component SW10 PEC11R-4215F-S0024
Added Member To Class: ClassName=Schematic_WS Member=Component U1 STM32F103C8T6_Board
Added Room: Name=Schematic_WS
