Change Component Designator: Old Designator=C? New Designator=C1
Change Component Designator: Old Designator=Cx? New Designator=Cx1
Change Component Designator: Old Designator=Cx? New Designator=Cx2
Change Component Designator: Old Designator=Cx? New Designator=Cx3
Change Component Designator: Old Designator=Cx? New Designator=Cx4
Change Component Designator: Old Designator=Cx? New Designator=Cx5
Change Component Designator: Old Designator=Cx? New Designator=Cx6
Change Component Designator: Old Designator=Cx? New Designator=Cx7
Change Component Designator: Old Designator=Cx? New Designator=Cx8
Change Component Designator: Old Designator=Cx? New Designator=Cx9
Change Component Designator: Old Designator=Cx? New Designator=Cx10
Change Component Designator: Old Designator=Cx? New Designator=Cx11
Change Component Designator: Old Designator=D? New Designator=D1
Change Component Designator: Old Designator=D? New Designator=D2
Change Component Designator: Old Designator=D? New Designator=D3
Change Component Designator: Old Designator=D? New Designator=D4
Change Component Designator: Old Designator=D? New Designator=D5
Change Component Designator: Old Designator=D? New Designator=D6
Change Component Designator: Old Designator=D? New Designator=D7
Change Component Designator: Old Designator=D? New Designator=D8
Change Component Designator: Old Designator=D? New Designator=D9
Change Component Designator: Old Designator=LED? New Designator=LED1
Change Component Designator: Old Designator=R? New Designator=R1
Change Component Designator: Old Designator=R? New Designator=R2
Change Component Designator: Old Designator=R? New Designator=R3
Change Component Designator: Old Designator=SW? New Designator=SW1
Change Component Designator: Old Designator=SW? New Designator=SW2
Change Component Designator: Old Designator=SW? New Designator=SW3
Change Component Designator: Old Designator=SW? New Designator=SW4
Change Component Designator: Old Designator=SW? New Designator=SW5
Change Component Designator: Old Designator=SW? New Designator=SW6
Change Component Designator: Old Designator=SW? New Designator=SW7
Change Component Designator: Old Designator=SW? New Designator=SW8
Change Component Designator: Old Designator=SW? New Designator=SW9
Change Component Designator: Old Designator=SW? New Designator=SW10
Change Component Designator: Old Designator=U? New Designator=U1
